2016-03-02 11:17:08 [127.0.0.1][-][-][error][yii\web\HttpException:404] exception 'yii\base\InvalidRouteException' with message 'Unable to resolve the request "".' in D:\server\html\testwork.shorturl.2016\yiiproject\vendor\yiisoft\yii2\base\Module.php:460
Stack trace:
#0 D:\server\html\testwork.shorturl.2016\yiiproject\vendor\yiisoft\yii2\web\Application.php(84): yii\base\Module->runAction('', Array)
#1 D:\server\html\testwork.shorturl.2016\yiiproject\vendor\yiisoft\yii2\base\Application.php(375): yii\web\Application->handleRequest(Object(yii\web\Request))
#2 D:\server\html\testwork.shorturl.2016\yiiproject\web\index.php(12): yii\base\Application->run()
#3 D:\server\html\testwork.shorturl.2016\index.php(30): require_once('D:\\server\\html\\...')
#4 {main}

Next exception 'yii\web\NotFoundHttpException' with message 'Page not found.' in D:\server\html\testwork.shorturl.2016\yiiproject\vendor\yiisoft\yii2\web\Application.php:96
Stack trace:
#0 D:\server\html\testwork.shorturl.2016\yiiproject\vendor\yiisoft\yii2\base\Application.php(375): yii\web\Application->handleRequest(Object(yii\web\Request))
#1 D:\server\html\testwork.shorturl.2016\yiiproject\web\index.php(12): yii\base\Application->run()
#2 D:\server\html\testwork.shorturl.2016\index.php(30): require_once('D:\\server\\html\\...')
#3 {main}
2016-03-02 11:17:08 [127.0.0.1][-][-][info][application] $_GET = [
    '__framework' => 'yii'
]

$_COOKIE = [
    '_csrf' => 'b763f8a1a292202f159e8e9c87b92c98b27fb480775183112e665b6a753db7b1a:2:{i:0;s:5:\"_csrf\";i:1;s:32:\"XSwJQYUYEwV3Jk8qwKa0c4ScQjza9pcH\";}'
    'PHPSESSID' => '60nvoqeue8dv74je2ekp13vd37'
]

$_SERVER = [
    'ALLUSERSPROFILE' => 'C:\\ProgramData'
    'APPDATA' => 'C:\\Users\\Денис\\AppData\\Roaming'
    'CommonProgramFiles' => 'C:\\Program Files (x86)\\Common Files'
    'CommonProgramFiles(x86)' => 'C:\\Program Files (x86)\\Common Files'
    'CommonProgramW6432' => 'C:\\Program Files\\Common Files'
    'COMPUTERNAME' => 'ДЕНИС-ПК'
    'ComSpec' => 'C:\\Windows\\system32\\cmd.exe'
    'FP_NO_HOST_CHECK' => 'NO'
    'HOMEDRIVE' => 'C:'
    'HOMEPATH' => '\\Users\\Денис'
    'LOCALAPPDATA' => 'C:\\Users\\Денис\\AppData\\Local'
    'LOGONSERVER' => '\\\\ДЕНИС-ПК'
    'MOZ_PLUGIN_PATH' => 'C:\\Program Files (x86)\\Foxit Software\\Foxit Reader\\plugins\\'
    'NUMBER_OF_PROCESSORS' => '8'
    'OS' => 'Windows_NT'
    'Path' => 'C:\\ProgramData\\Oracle\\Java\\javapath;C:\\Program Files (x86)\\NVIDIA Corporation\\PhysX\\Common;C:\\Program Files (x86)\\Intel\\iCLS Client\\;C:\\Program Files\\Intel\\iCLS Client\\;C:\\Windows\\system32;C:\\Windows;C:\\Windows\\System32\\Wbem;C:\\Windows\\System32\\WindowsPowerShell\\v1.0\\;C:\\Program Files\\Intel\\Intel(R) Management Engine Components\\DAL;C:\\Program Files\\Intel\\Intel(R) Management Engine Components\\IPT;C:\\Program Files (x86)\\Intel\\Intel(R) Management Engine Components\\DAL;C:\\Program Files (x86)\\Intel\\Intel(R) Management Engine Components\\IPT;C:\\Program Files (x86)\\Intel\\OpenCL SDK\\3.0\\bin\\x86;C:\\Program Files (x86)\\Intel\\OpenCL SDK\\3.0\\bin\\x64; d:\\server\\php;d:\\server\\php\\ext; C:\\Windows\\System32\\msvcr110.dll;C:\\ProgramData\\ComposerSetup\\bin;C:\\Program Files (x86)\\Skype\\Phone\\;C:\\Users\\Денис\\AppData\\Roaming\\Composer\\vendor\\laravel\\installer'
    'PATHEXT' => '.COM;.EXE;.BAT;.CMD;.VBS;.VBE;.JS;.JSE;.WSF;.WSH;.MSC;.PHAR'
    'PROCESSOR_ARCHITECTURE' => 'x86'
    'PROCESSOR_ARCHITEW6432' => 'AMD64'
    'PROCESSOR_IDENTIFIER' => 'Intel64 Family 6 Model 60 Stepping 3, GenuineIntel'
    'PROCESSOR_LEVEL' => '6'
    'PROCESSOR_REVISION' => '3c03'
    'ProgramData' => 'C:\\ProgramData'
    'ProgramFiles' => 'C:\\Program Files (x86)'
    'ProgramFiles(x86)' => 'C:\\Program Files (x86)'
    'ProgramW6432' => 'C:\\Program Files'
    'PROMPT' => '$P$G'
    'PSModulePath' => 'C:\\Windows\\system32\\WindowsPowerShell\\v1.0\\Modules\\'
    'PUBLIC' => 'C:\\Users\\Public'
    'SESSIONNAME' => 'Console'
    'SystemDrive' => 'C:'
    'SystemRoot' => 'C:\\Windows'
    'TEMP' => 'C:\\Users\\17D3~1\\AppData\\Local\\Temp'
    'TMP' => 'C:\\Users\\17D3~1\\AppData\\Local\\Temp'
    'USERDOMAIN' => 'Денис-ПК'
    'USERNAME' => 'Денис'
    'USERPROFILE' => 'C:\\Users\\Денис'
    'windir' => 'C:\\Windows'
    'HTTP_COOKIE' => '_csrf=b763f8a1a292202f159e8e9c87b92c98b27fb480775183112e665b6a753db7b1a%3A2%3A%7Bi%3A0%3Bs%3A5%3A%22_csrf%22%3Bi%3A1%3Bs%3A32%3A%22XSwJQYUYEwV3Jk8qwKa0c4ScQjza9pcH%22%3B%7D; PHPSESSID=60nvoqeue8dv74je2ekp13vd37'
    'HTTP_ACCEPT_LANGUAGE' => 'ru-RU,ru;q=0.8,en-US;q=0.6,en;q=0.4'
    'HTTP_ACCEPT_ENCODING' => 'gzip, deflate, sdch'
    'HTTP_USER_AGENT' => 'Mozilla/5.0 (Windows NT 6.1; WOW64) AppleWebKit/537.36 (KHTML, like Gecko) Chrome/48.0.2564.116 Safari/537.36'
    'HTTP_UPGRADE_INSECURE_REQUESTS' => '1'
    'HTTP_ACCEPT' => 'text/html,application/xhtml+xml,application/xml;q=0.9,image/webp,*/*;q=0.8'
    'HTTP_CACHE_CONTROL' => 'max-age=0'
    'HTTP_CONNECTION' => 'keep-alive'
    'HTTP_HOST' => 'shorturl'
    'SCRIPT_FILENAME' => 'D:\\server\\html\\testwork.shorturl.2016/yiiproject/web/index.php'
    'PATH_TRANSLATED' => 'D:\\server\\html\\testwork.shorturl.2016'
    'PATH_INFO' => ''
    'REDIRECT_STATUS' => '200'
    'SERVER_NAME' => 'shorturl'
    'SERVER_PORT' => '80'
    'SERVER_ADDR' => '127.0.0.1'
    'REMOTE_PORT' => '63781'
    'REMOTE_ADDR' => '127.0.0.1'
    'SERVER_SOFTWARE' => 'nginx/1.7.9'
    'GATEWAY_INTERFACE' => 'CGI/1.1'
    'SERVER_PROTOCOL' => 'HTTP/1.1'
    'DOCUMENT_ROOT' => 'D:\\server\\html\\testwork.shorturl.2016'
    'DOCUMENT_URI' => '/index.php'
    'REQUEST_URI' => '/?__framework=yii'
    'SCRIPT_NAME' => '/index.php'
    'CONTENT_LENGTH' => ''
    'CONTENT_TYPE' => ''
    'REQUEST_METHOD' => 'GET'
    'QUERY_STRING' => '__framework=yii'
    'FCGI_ROLE' => 'RESPONDER'
    'PHP_SELF' => '/index.php'
    'REQUEST_TIME_FLOAT' => 1456917428.7772
    'REQUEST_TIME' => 1456917428
]
